<?xml version="1.0" encoding="UTF-8"?>
<testng-results ignored="0" total="1" passed="1" failed="0" skipped="0">
  <reporter-output>
  </reporter-output>
  <suite started-at="2022-11-30T20:14:56 IST" name="Suite" finished-at="2022-11-30T20:16:07 IST" duration-ms="71262">
    <groups>
    </groups>
    <test started-at="2022-11-30T20:14:56 IST" name="Test" finished-at="2022-11-30T20:16:07 IST" duration-ms="71262">
      <class name="ai.ds.testLayer.TestClass">
        <test-method is-config="true" signature="setup()[pri:0, instance:ai.ds.testLayer.TestClass@71809907]" started-at="2022-11-30T20:14:56 IST" name="setup" finished-at="2022-11-30T20:15:50 IST" duration-ms="54100" status="PASS">
          <reporter-output>
          </reporter-output>
        </test-method> <!-- setup -->
        <test-method signature="verifyLoginTest()[pri:1, instance:ai.ds.testLayer.TestClass@71809907]" started-at="2022-11-30T20:15:50 IST" name="verifyLoginTest" finished-at="2022-11-30T20:16:07 IST" duration-ms="16792" status="PASS">
          <reporter-output>
          </reporter-output>
        </test-method> <!-- verifyLoginTest -->
        <test-method is-config="true" signature="teardown()[pri:0, instance:ai.ds.testLayer.TestClass@71809907]" started-at="2022-11-30T20:16:07 IST" name="teardown" finished-at="2022-11-30T20:16:07 IST" duration-ms="1" status="PASS">
          <reporter-output>
          </reporter-output>
        </test-method> <!-- teardown -->
      </class> <!-- ai.ds.testLayer.TestClass -->
    </test> <!-- Test -->
  </suite> <!-- Suite -->
</testng-results>
